<?xml version="1.0" encoding="UTF-8"?>
<!-- Generated by org.testng.reporters.JUnitXMLReporter -->
<testsuite ignored="2" hostname="DESKTOP-C4BDBLN" failures="0" tests="1" name="Error Validations" time="12.088" errors="0" timestamp="2023-03-28T10:09:00 ICT">
  <testcase classname="BinhBT3.Selenium.tests.ErrorValidationsTest" name="LoginErrorWrongPasswordValidation" time="0.876"/>
  <testcase classname="BinhBT3.Selenium.tests.ErrorValidationsTest" name="LoginErrorWrongemailValidation" time="0.0">
    <ignored/>
  </testcase> <!-- LoginErrorWrongemailValidation -->
  <testcase classname="BinhBT3.Selenium.tests.ErrorValidationsTest" name="ProductErrorValidation" time="0.0">
    <ignored/>
  </testcase> <!-- ProductErrorValidation -->
</testsuite> <!-- Error Validations -->
