<?xml version="1.0" encoding="UTF-8"?>
<!-- Generated by org.testng.reporters.JUnitXMLReporter -->
<testsuite ignored="4" hostname="DESKTOP-C4BDBLN" failures="0" tests="0" time="0.001" errors="0" timestamp="2023-03-28T10:08:48 ICT">
  <testcase classname="BinhBT3.Selenium.tests.SubmitOrderTest" name="submitOrder" time="0.0">
    <ignored/>
  </testcase> <!-- submitOrder -->
  <testcase classname="BinhBT3.Selenium.tests.SubmitOrderTest" name="OderHistoryTest" time="0.0">
    <ignored/>
  </testcase> <!-- OderHistoryTest -->
  <testcase classname="BinhBT3.Selenium.tests.StandAloneTest" name="OderHistoryTest" time="0.0">
    <ignored/>
  </testcase> <!-- OderHistoryTest -->
  <testcase classname="BinhBT3.Selenium.tests.StandAloneTest" name="submitOrder" time="0.0">
    <ignored/>
  </testcase> <!-- submitOrder -->
</testsuite>
