<?xml version="1.0" encoding="UTF-8"?>
<testng-results ignored="6" total="7" passed="1" failed="0" skipped="0">
  <reporter-output>
  </reporter-output>
  <suite started-at="2023-03-28T10:08:48 ICT" name="Suite" finished-at="2023-03-28T10:09:00 ICT" duration-ms="12088">
    <groups>
      <group name="ErrorHandling">
        <method signature="ErrorValidationsTest.LoginErrorWrongPasswordValidation()[pri:0, instance:BinhBT3.Selenium.tests.ErrorValidationsTest@3c19aaa5]" name="LoginErrorWrongPasswordValidation" class="BinhBT3.Selenium.tests.ErrorValidationsTest"/>
      </group> <!-- ErrorHandling -->
    </groups>
    <test started-at="2023-03-28T10:08:48 ICT" name="Submit Order Test" finished-at="2023-03-28T10:08:48 ICT" duration-ms="1">
    </test> <!-- Submit Order Test -->
    <test started-at="2023-03-28T10:08:48 ICT" name="Error Validations" finished-at="2023-03-28T10:09:00 ICT" duration-ms="12088">
      <class name="BinhBT3.Selenium.tests.ErrorValidationsTest">
        <test-method is-config="true" signature="launchApplication()[pri:0, instance:BinhBT3.Selenium.tests.ErrorValidationsTest@3c19aaa5]" started-at="2023-03-28T10:08:48 ICT" name="launchApplication" finished-at="2023-03-28T10:08:59 ICT" duration-ms="10949" status="PASS">
          <reporter-output>
          </reporter-output>
        </test-method> <!-- launchApplication -->
        <test-method signature="LoginErrorWrongPasswordValidation()[pri:0, instance:BinhBT3.Selenium.tests.ErrorValidationsTest@3c19aaa5]" started-at="2023-03-28T10:08:59 ICT" name="LoginErrorWrongPasswordValidation" finished-at="2023-03-28T10:09:00 ICT" duration-ms="876" status="PASS">
          <reporter-output>
          </reporter-output>
        </test-method> <!-- LoginErrorWrongPasswordValidation -->
        <test-method is-config="true" signature="tearDown()[pri:0, instance:BinhBT3.Selenium.tests.ErrorValidationsTest@3c19aaa5]" started-at="2023-03-28T10:09:00 ICT" name="tearDown" finished-at="2023-03-28T10:09:00 ICT" duration-ms="0" status="PASS">
          <reporter-output>
          </reporter-output>
        </test-method> <!-- tearDown -->
      </class> <!-- BinhBT3.Selenium.tests.ErrorValidationsTest -->
    </test> <!-- Error Validations -->
  </suite> <!-- Suite -->
</testng-results>
