<?xml version="1.0" encoding="UTF-8"?>
<testng-results ignored="0" total="0" passed="0" failed="0" skipped="0">
  <reporter-output>
  </reporter-output>
  <suite started-at="2023-04-04T21:45:03 ICT" name="Suite" finished-at="2023-04-04T21:45:03 ICT" duration-ms="0">
    <groups>
      <group name="ErrorHandling">
        <method signature="ErrorValidationsTest.LoginErrorWrongPasswordValidation()[pri:0, instance:BinhBT3.Selenium.tests.ErrorValidationsTest@16ce702d]" name="LoginErrorWrongPasswordValidation" class="BinhBT3.Selenium.tests.ErrorValidationsTest"/>
      </group> <!-- ErrorHandling -->
    </groups>
  </suite> <!-- Suite -->
</testng-results>
